<?xml version="1.0" encoding="UTF-8"?>
<!-- Generated by org.testng.reporters.JUnitReportReporter -->
<testsuite hostname="RAJEEVRANJAN" failures="0" tests="2" name="com.example.Test_Data" time="32.657" errors="0" timestamp="2023-09-29T18:54:21 IST" skipped="0">
  <testcase classname="com.example.Test_Data" name="A_Login" time="16.673"/>
  <system-out/>
  <testcase classname="com.example.Test_Data" name="B_Delete_Pakage" time="15.984"/>
  <system-out/>
</testsuite> <!-- com.example.Test_Data -->
